<?xml version="1.0" encoding="UTF-8"?>
<testsuite xmlns:xsi="http://www.w3.org/2001/XMLSchema-instance" xsi:noNamespaceSchemaLocation="https://maven.apache.org/surefire/maven-surefire-plugin/xsd/surefire-test-report-3.0.xsd" version="3.0" name="com.itxiop.tech.supplier.suite.CandidateFlowSuiteTest" time="6.226" tests="1" errors="0" skipped="0" failures="0">
  <properties>
[...]
</properties>
  <testcase name="createCandidates_acceptCandidates_potentialSuppliers" classname="com.itxiop.tech.supplier.suite.CandidateFlowSuiteTest" time="1.808">
    <system-out><![CDATA[11:40:09.722 [main] INFO org.springframework.test.context.support.AnnotationConfigContextLoaderUtils -- Could not detect default configuration classes for test class [com.itxiop.tech.supplier.suite.CandidateFlowSuiteTest]: CandidateFlowSuiteTest does not declare any static, non-private, non-final, nested classes annotated with @Configuration.
11:40:09.825 [main] INFO org.springframework.boot.test.context.SpringBootTestContextBootstrapper -- Found @SpringBootConfiguration com.itxiop.tech.supplier.Application for test class com.itxiop.tech.supplier.suite.CandidateFlowSuiteTest

  .   ____          _            __ _ _
 /\\ / ___'_ __ _ _(_)_ __  __ _ \ \ \ \
( ( )\___ | '_ | '_| | '_ \/ _` | \ \ \ \
 \\/  ___)| |_)| | | | | || (_| |  ) ) ) )
  '  |____| .__|_| |_|_| |_\__, | / / / /
 =========|_|==============|___/=/_/_/_/
 :: Spring Boot ::                (v3.2.5)

2026-02-28T11:40:10.230Z  INFO 4553 --- [           main] c.i.t.s.suite.CandidateFlowSuiteTest     : Starting CandidateFlowSuiteTest using Java 21.0.10 with PID 4553 (started by runner in /home/runner/work/prueba_tecnica_2/prueba_tecnica_2)
2026-02-28T11:40:10.231Z  INFO 4553 --- [           main] c.i.t.s.suite.CandidateFlowSuiteTest     : The following 1 profile is active: "flow"
2026-02-28T11:40:10.884Z  INFO 4553 --- [           main] .s.d.r.c.RepositoryConfigurationDelegate : Bootstrapping Spring Data JPA repositories in DEFAULT mode.
2026-02-28T11:40:10.937Z  INFO 4553 --- [           main] .s.d.r.c.RepositoryConfigurationDelegate : Finished Spring Data repository scanning in 47 ms. Found 1 JPA repository interface.
2026-02-28T11:40:11.541Z  INFO 4553 --- [           main] o.s.b.w.embedded.tomcat.TomcatWebServer  : Tomcat initialized with port 8080 (http)
2026-02-28T11:40:11.559Z  INFO 4553 --- [           main] o.apache.catalina.core.StandardService   : Starting service [Tomcat]
2026-02-28T11:40:11.559Z  INFO 4553 --- [           main] o.apache.catalina.core.StandardEngine    : Starting Servlet engine: [Apache Tomcat/10.1.20]
2026-02-28T11:40:11.614Z  INFO 4553 --- [           main] o.a.c.c.C.[Tomcat].[localhost].[/]       : Initializing Spring embedded WebApplicationContext
2026-02-28T11:40:11.615Z  INFO 4553 --- [           main] w.s.c.ServletWebServerApplicationContext : Root WebApplicationContext: initialization completed in 1372 ms
2026-02-28T11:40:11.661Z  INFO 4553 --- [           main] com.zaxxer.hikari.HikariDataSource       : HikariPool-1 - Starting...
2026-02-28T11:40:11.832Z  INFO 4553 --- [           main] com.zaxxer.hikari.pool.HikariPool        : HikariPool-1 - Added connection conn0: url=jdbc:h2:mem:testdb user=SA
2026-02-28T11:40:11.834Z  INFO 4553 --- [           main] com.zaxxer.hikari.HikariDataSource       : HikariPool-1 - Start completed.
2026-02-28T11:40:11.847Z  INFO 4553 --- [           main] o.s.b.a.h2.H2ConsoleAutoConfiguration    : H2 console available at '/h2-console'. Database available at 'jdbc:h2:mem:testdb'
2026-02-28T11:40:11.975Z  INFO 4553 --- [           main] o.hibernate.jpa.internal.util.LogHelper  : HHH000204: Processing PersistenceUnitInfo [name: default]
2026-02-28T11:40:12.020Z  INFO 4553 --- [           main] org.hibernate.Version                    : HHH000412: Hibernate ORM core version 6.4.4.Final
2026-02-28T11:40:12.047Z  INFO 4553 --- [           main] o.h.c.internal.RegionFactoryInitiator    : HHH000026: Second-level cache disabled
2026-02-28T11:40:12.251Z  INFO 4553 --- [           main] o.s.o.j.p.SpringPersistenceUnitInfo      : No LoadTimeWeaver setup: ignoring JPA class transformer
2026-02-28T11:40:12.934Z  INFO 4553 --- [           main] o.h.e.t.j.p.i.JtaPlatformInitiator       : HHH000489: No JTA platform available (set 'hibernate.transaction.jta.platform' to enable JTA platform integration)
2026-02-28T11:40:12.955Z  INFO 4553 --- [           main] j.LocalContainerEntityManagerFactoryBean : Initialized JPA EntityManagerFactory for persistence unit 'default'
2026-02-28T11:40:13.114Z  INFO 4553 --- [           main] o.s.d.j.r.query.QueryEnhancerFactory     : Hibernate is in classpath; If applicable, HQL parser will be used.
2026-02-28T11:40:13.697Z  WARN 4553 --- [           main] JpaBaseConfiguration$JpaWebConfiguration : spring.jpa.open-in-view is enabled by default. Therefore, database queries may be performed during view rendering. Explicitly configure spring.jpa.open-in-view to disable this warning
2026-02-28T11:40:13.899Z  INFO 4553 --- [           main] o.a.c.c.C.[Tomcat].[localhost].[/]       : Initializing Spring TestDispatcherServlet ''
2026-02-28T11:40:13.899Z  INFO 4553 --- [           main] o.s.t.web.servlet.TestDispatcherServlet  : Initializing Servlet ''
2026-02-28T11:40:13.900Z  INFO 4553 --- [           main] o.s.t.web.servlet.TestDispatcherServlet  : Completed initialization in 1 ms
2026-02-28T11:40:13.950Z  INFO 4553 --- [           main] o.s.b.w.embedded.tomcat.TomcatWebServer  : Tomcat started on port 8080 (http) with context path ''
2026-02-28T11:40:13.960Z  INFO 4553 --- [           main] c.i.t.s.suite.CandidateFlowSuiteTest     : Started CandidateFlowSuiteTest in 4.02 seconds (process running for 4.952)
2026-02-28T11:40:13.988Z  INFO 4553 --- [           main] j.LocalContainerEntityManagerFactoryBean : Closing JPA EntityManagerFactory for persistence unit 'default'
2026-02-28T11:40:13.992Z  INFO 4553 --- [           main] com.zaxxer.hikari.HikariDataSource       : HikariPool-1 - Shutdown initiated...
2026-02-28T11:40:13.994Z  INFO 4553 --- [           main] com.zaxxer.hikari.HikariDataSource       : HikariPool-1 - Shutdown completed.

  .   ____          _            __ _ _
 /\\ / ___'_ __ _ _(_)_ __  __ _ \ \ \ \
( ( )\___ | '_ | '_| | '_ \/ _` | \ \ \ \
 \\/  ___)| |_)| | | | | || (_| |  ) ) ) )
  '  |____| .__|_| |_|_| |_\__, | / / / /
 =========|_|==============|___/=/_/_/_/
 :: Spring Boot ::                (v3.2.5)

2026-02-28T11:40:14.086Z  INFO 4553 --- [           main] c.i.t.s.suite.CandidateFlowSuiteTest     : Starting CandidateFlowSuiteTest using Java 21.0.10 with PID 4553 (started by runner in /home/runner/work/prueba_tecnica_2/prueba_tecnica_2)
2026-02-28T11:40:14.086Z  INFO 4553 --- [           main] c.i.t.s.suite.CandidateFlowSuiteTest     : The following 1 profile is active: "flow"
2026-02-28T11:40:14.235Z  INFO 4553 --- [           main] .s.d.r.c.RepositoryConfigurationDelegate : Bootstrapping Spring Data JPA repositories in DEFAULT mode.
2026-02-28T11:40:14.244Z  INFO 4553 --- [           main] .s.d.r.c.RepositoryConfigurationDelegate : Finished Spring Data repository scanning in 9 ms. Found 1 JPA repository interface.
2026-02-28T11:40:14.329Z  INFO 4553 --- [           main] o.s.b.w.embedded.tomcat.TomcatWebServer  : Tomcat initialized with port 8080 (http)
2026-02-28T11:40:14.330Z  INFO 4553 --- [           main] o.apache.catalina.core.StandardService   : Starting service [Tomcat]
2026-02-28T11:40:14.330Z  INFO 4553 --- [           main] o.apache.catalina.core.StandardEngine    : Starting Servlet engine: [Apache Tomcat/10.1.20]
2026-02-28T11:40:14.350Z  INFO 4553 --- [           main] o.a.c.c.C.[Tomcat].[localhost].[/]       : Initializing Spring embedded WebApplicationContext
2026-02-28T11:40:14.351Z  INFO 4553 --- [           main] w.s.c.ServletWebServerApplicationContext : Root WebApplicationContext: initialization completed in 263 ms
2026-02-28T11:40:14.372Z  INFO 4553 --- [           main] com.zaxxer.hikari.HikariDataSource       : HikariPool-2 - Starting...
2026-02-28T11:40:14.375Z  INFO 4553 --- [           main] com.zaxxer.hikari.pool.HikariPool        : HikariPool-2 - Added connection conn10: url=jdbc:h2:mem:testdb user=SA
2026-02-28T11:40:14.375Z  INFO 4553 --- [           main] com.zaxxer.hikari.HikariDataSource       : HikariPool-2 - Start completed.
2026-02-28T11:40:14.376Z  INFO 4553 --- [           main] o.s.b.a.h2.H2ConsoleAutoConfiguration    : H2 console available at '/h2-console'. Database available at 'jdbc:h2:mem:testdb'
2026-02-28T11:40:14.403Z  INFO 4553 --- [           main] o.hibernate.jpa.internal.util.LogHelper  : HHH000204: Processing PersistenceUnitInfo [name: default]
2026-02-28T11:40:14.405Z  INFO 4553 --- [           main] o.h.c.internal.RegionFactoryInitiator    : HHH000026: Second-level cache disabled
2026-02-28T11:40:14.409Z  INFO 4553 --- [           main] o.s.o.j.p.SpringPersistenceUnitInfo      : No LoadTimeWeaver setup: ignoring JPA class transformer
2026-02-28T11:40:14.445Z  INFO 4553 --- [           main] o.h.e.t.j.p.i.JtaPlatformInitiator       : HHH000489: No JTA platform available (set 'hibernate.transaction.jta.platform' to enable JTA platform integration)
2026-02-28T11:40:14.447Z  INFO 4553 --- [           main] j.LocalContainerEntityManagerFactoryBean : Initialized JPA EntityManagerFactory for persistence unit 'default'
2026-02-28T11:40:14.527Z  WARN 4553 --- [           main] JpaBaseConfiguration$JpaWebConfiguration : spring.jpa.open-in-view is enabled by default. Therefore, database queries may be performed during view rendering. Explicitly configure spring.jpa.open-in-view to disable this warning
2026-02-28T11:40:14.592Z  INFO 4553 --- [           main] o.a.c.c.C.[Tomcat].[localhost].[/]       : Initializing Spring TestDispatcherServlet ''
2026-02-28T11:40:14.593Z  INFO 4553 --- [           main] o.s.t.web.servlet.TestDispatcherServlet  : Initializing Servlet ''
2026-02-28T11:40:14.593Z  INFO 4553 --- [           main] o.s.t.web.servlet.TestDispatcherServlet  : Completed initialization in 0 ms
2026-02-28T11:40:14.610Z  INFO 4553 --- [           main] o.s.b.w.embedded.tomcat.TomcatWebServer  : Tomcat started on port 8080 (http) with context path ''
2026-02-28T11:40:14.616Z  INFO 4553 --- [           main] c.i.t.s.suite.CandidateFlowSuiteTest     : Started CandidateFlowSuiteTest in 0.558 seconds (process running for 5.608)
2026-02-28T11:40:15.574Z  INFO 4553 --- [nio-8080-exec-1] o.a.c.c.C.[Tomcat].[localhost].[/]       : Initializing Spring DispatcherServlet 'dispatcherServlet'
2026-02-28T11:40:15.574Z  INFO 4553 --- [nio-8080-exec-1] o.s.web.servlet.DispatcherServlet        : Initializing Servlet 'dispatcherServlet'
2026-02-28T11:40:15.575Z  INFO 4553 --- [nio-8080-exec-1] o.s.web.servlet.DispatcherServlet        : Completed initialization in 1 ms
2026-02-28T11:40:15.581Z  INFO 4553 --- [nio-8080-exec-1] c.i.t.s.country.CountryController        : hit /countries/ES
2026-02-28T11:40:15.608Z  INFO 4553 --- [nio-8080-exec-2] c.i.t.s.country.CountryController        : hit /countries/ES
2026-02-28T11:40:15.615Z  INFO 4553 --- [nio-8080-exec-3] c.i.t.s.country.CountryController        : hit /countries/ES
2026-02-28T11:40:15.621Z  INFO 4553 --- [nio-8080-exec-4] c.i.t.s.country.CountryController        : hit /countries/ES
2026-02-28T11:40:15.626Z  INFO 4553 --- [nio-8080-exec-6] c.i.t.s.country.CountryController        : hit /countries/ES
2026-02-28T11:40:15.632Z  INFO 4553 --- [nio-8080-exec-7] c.i.t.s.country.CountryController        : hit /countries/DE
2026-02-28T11:40:15.638Z  INFO 4553 --- [nio-8080-exec-5] c.i.t.s.country.CountryController        : hit /countries/DE
2026-02-28T11:40:15.645Z  INFO 4553 --- [nio-8080-exec-9] c.i.t.s.country.CountryController        : hit /countries/DE
2026-02-28T11:40:15.652Z  INFO 4553 --- [nio-8080-exec-8] c.i.t.s.country.CountryController        : hit /countries/DE
2026-02-28T11:40:15.657Z  INFO 4553 --- [io-8080-exec-10] c.i.t.s.country.CountryController        : hit /countries/FR
]]></system-out>
    <system-err><![CDATA[WARNING: A Java agent has been loaded dynamically (/home/runner/.m2/repository/net/bytebuddy/byte-buddy-agent/1.14.13/byte-buddy-agent-1.14.13.jar)
WARNING: If a serviceability tool is in use, please run with -XX:+EnableDynamicAgentLoading to hide this warning
WARNING: If a serviceability tool is not in use, please run with -Djdk.instrument.traceUsage for more information
WARNING: Dynamic loading of agents will be disallowed by default in a future release
]]></system-err>
  </testcase>
</testsuite>