<?xml version="1.0" encoding="UTF-8"?>
<testsuite xmlns:xsi="http://www.w3.org/2001/XMLSchema-instance" xsi:noNamespaceSchemaLocation="https://maven.apache.org/surefire/maven-surefire-plugin/xsd/surefire-test-report-3.0.xsd" version="3.0" name="com.itxiop.tech.supplier.suite.CandidateFlowSuiteTest" time="10.102" tests="1" errors="0" skipped="0" failures="1">
  <properties>
[...]
</properties>
  <testcase name="createCandidates_acceptCandidates_potentialSuppliers" classname="com.itxiop.tech.supplier.suite.CandidateFlowSuiteTest" time="3.588">
    <failure message="Status expected:&lt;201&gt; but was:&lt;404&gt;" type="java.lang.AssertionError"><![CDATA[java.lang.AssertionError: Status expected:<201> but was:<404>
	at org.springframework.test.util.AssertionErrors.fail(AssertionErrors.java:59)
	at org.springframework.test.util.AssertionErrors.assertEquals(AssertionErrors.java:122)
	at org.springframework.test.web.servlet.result.StatusResultMatchers.lambda$matcher$9(StatusResultMatchers.java:637)
	at org.springframework.test.web.servlet.MockMvc$1.andExpect(MockMvc.java:214)
	at com.itxiop.tech.supplier.suite.CandidateFlowSuiteTest.lambda$createCandidates_acceptCandidates_potentialSuppliers$0(CandidateFlowSuiteTest.java:48)
	at java.base/java.lang.Iterable.forEach(Iterable.java:75)
	at com.itxiop.tech.supplier.suite.CandidateFlowSuiteTest.createCandidates_acceptCandidates_potentialSuppliers(CandidateFlowSuiteTest.java:43)
	at java.base/java.lang.reflect.Method.invoke(Method.java:580)
	at java.base/java.util.ArrayList.forEach(ArrayList.java:1596)
	at java.base/java.util.ArrayList.forEach(ArrayList.java:1596)
]]></failure>
    <system-out><![CDATA[15:48:37.716 [main] INFO org.springframework.test.context.support.AnnotationConfigContextLoaderUtils -- Could not detect default configuration classes for test class [com.itxiop.tech.supplier.suite.CandidateFlowSuiteTest]: CandidateFlowSuiteTest does not declare any static, non-private, non-final, nested classes annotated with @Configuration.
15:48:37.956 [main] INFO org.springframework.boot.test.context.SpringBootTestContextBootstrapper -- Found @SpringBootConfiguration com.itxiop.tech.supplier.Application for test class com.itxiop.tech.supplier.suite.CandidateFlowSuiteTest

  .   ____          _            __ _ _
 /\\ / ___'_ __ _ _(_)_ __  __ _ \ \ \ \
( ( )\___ | '_ | '_| | '_ \/ _` | \ \ \ \
 \\/  ___)| |_)| | | | | || (_| |  ) ) ) )
  '  |____| .__|_| |_|_| |_\__, | / / / /
 =========|_|==============|___/=/_/_/_/
 :: Spring Boot ::                (v3.2.5)

2026-02-26T15:48:39.061Z  INFO 2881 --- [           main] c.i.t.s.suite.CandidateFlowSuiteTest     : Starting CandidateFlowSuiteTest using Java 21.0.6 with PID 2881 (started by user in /projects/challenge)
2026-02-26T15:48:39.073Z  INFO 2881 --- [           main] c.i.t.s.suite.CandidateFlowSuiteTest     : The following 1 profile is active: "flow"
2026-02-26T15:48:42.161Z  INFO 2881 --- [           main] o.s.b.w.embedded.tomcat.TomcatWebServer  : Tomcat initialized with port 8080 (http)
2026-02-26T15:48:42.213Z  INFO 2881 --- [           main] o.apache.catalina.core.StandardService   : Starting service [Tomcat]
2026-02-26T15:48:42.214Z  INFO 2881 --- [           main] o.apache.catalina.core.StandardEngine    : Starting Servlet engine: [Apache Tomcat/10.1.20]
2026-02-26T15:48:42.351Z  INFO 2881 --- [           main] o.a.c.c.C.[Tomcat].[localhost].[/]       : Initializing Spring embedded WebApplicationContext
2026-02-26T15:48:42.355Z  INFO 2881 --- [           main] w.s.c.ServletWebServerApplicationContext : Root WebApplicationContext: initialization completed in 3182 ms
2026-02-26T15:48:43.370Z  INFO 2881 --- [           main] o.a.c.c.C.[Tomcat].[localhost].[/]       : Initializing Spring TestDispatcherServlet ''
2026-02-26T15:48:43.370Z  INFO 2881 --- [           main] o.s.t.web.servlet.TestDispatcherServlet  : Initializing Servlet ''
2026-02-26T15:48:43.374Z  INFO 2881 --- [           main] o.s.t.web.servlet.TestDispatcherServlet  : Completed initialization in 3 ms
2026-02-26T15:48:43.556Z  INFO 2881 --- [           main] o.s.b.w.embedded.tomcat.TomcatWebServer  : Tomcat started on port 8080 (http) with context path ''
2026-02-26T15:48:43.585Z  INFO 2881 --- [           main] c.i.t.s.suite.CandidateFlowSuiteTest     : Started CandidateFlowSuiteTest in 5.369 seconds (process running for 8.21)

  .   ____          _            __ _ _
 /\\ / ___'_ __ _ _(_)_ __  __ _ \ \ \ \
( ( )\___ | '_ | '_| | '_ \/ _` | \ \ \ \
 \\/  ___)| |_)| | | | | || (_| |  ) ) ) )
  '  |____| .__|_| |_|_| |_\__, | / / / /
 =========|_|==============|___/=/_/_/_/
 :: Spring Boot ::                (v3.2.5)

2026-02-26T15:48:43.830Z  INFO 2881 --- [           main] c.i.t.s.suite.CandidateFlowSuiteTest     : Starting CandidateFlowSuiteTest using Java 21.0.6 with PID 2881 (started by user in /projects/challenge)
2026-02-26T15:48:43.843Z  INFO 2881 --- [           main] c.i.t.s.suite.CandidateFlowSuiteTest     : The following 1 profile is active: "flow"
2026-02-26T15:48:44.376Z  INFO 2881 --- [           main] o.s.b.w.embedded.tomcat.TomcatWebServer  : Tomcat initialized with port 8080 (http)
2026-02-26T15:48:44.378Z  INFO 2881 --- [           main] o.apache.catalina.core.StandardService   : Starting service [Tomcat]
2026-02-26T15:48:44.380Z  INFO 2881 --- [           main] o.apache.catalina.core.StandardEngine    : Starting Servlet engine: [Apache Tomcat/10.1.20]
2026-02-26T15:48:44.429Z  INFO 2881 --- [           main] o.a.c.c.C.[Tomcat].[localhost].[/]       : Initializing Spring embedded WebApplicationContext
2026-02-26T15:48:44.429Z  INFO 2881 --- [           main] w.s.c.ServletWebServerApplicationContext : Root WebApplicationContext: initialization completed in 582 ms
2026-02-26T15:48:44.767Z  INFO 2881 --- [           main] o.a.c.c.C.[Tomcat].[localhost].[/]       : Initializing Spring TestDispatcherServlet ''
2026-02-26T15:48:44.768Z  INFO 2881 --- [           main] o.s.t.web.servlet.TestDispatcherServlet  : Initializing Servlet ''
2026-02-26T15:48:44.769Z  INFO 2881 --- [           main] o.s.t.web.servlet.TestDispatcherServlet  : Completed initialization in 1 ms
2026-02-26T15:48:44.823Z  INFO 2881 --- [           main] o.s.b.w.embedded.tomcat.TomcatWebServer  : Tomcat started on port 8080 (http) with context path ''
2026-02-26T15:48:44.833Z  INFO 2881 --- [           main] c.i.t.s.suite.CandidateFlowSuiteTest     : Started CandidateFlowSuiteTest in 1.081 seconds (process running for 9.458)
2026-02-26T15:48:46.890Z  INFO 2881 --- [nio-8080-exec-1] o.a.c.c.C.[Tomcat].[localhost].[/]       : Initializing Spring DispatcherServlet 'dispatcherServlet'
2026-02-26T15:48:46.890Z  INFO 2881 --- [nio-8080-exec-1] o.s.web.servlet.DispatcherServlet        : Initializing Servlet 'dispatcherServlet'
2026-02-26T15:48:46.900Z  INFO 2881 --- [nio-8080-exec-1] o.s.web.servlet.DispatcherServlet        : Completed initialization in 9 ms

MockHttpServletRequest:
      HTTP Method = POST
      Request URI = /candidates
       Parameters = {}
          Headers = [Content-Type:"application/json;charset=UTF-8", Content-Length:"75"]
             Body = {"annualTurnover": 2200000,"country": "ES","duns": 100000001,"name": "One"}
    Session Attrs = {}

Handler:
             Type = org.springframework.web.servlet.resource.ResourceHttpRequestHandler

Async:
    Async started = false
     Async result = null

Resolved Exception:
             Type = org.springframework.web.servlet.resource.NoResourceFoundException

ModelAndView:
        View name = null
             View = null
            Model = null

FlashMap:
       Attributes = null

MockHttpServletResponse:
           Status = 404
    Error message = No static resource candidates.
          Headers = [Vary:"Origin", "Access-Control-Request-Method", "Access-Control-Request-Headers"]
     Content type = null
             Body = 
    Forwarded URL = null
   Redirected URL = null
          Cookies = []
]]></system-out>
    <system-err><![CDATA[WARNING: A Java agent has been loaded dynamically (/home/user/.m2/repository/net/bytebuddy/byte-buddy-agent/1.14.13/byte-buddy-agent-1.14.13.jar)
WARNING: If a serviceability tool is in use, please run with -XX:+EnableDynamicAgentLoading to hide this warning
WARNING: If a serviceability tool is not in use, please run with -Djdk.instrument.traceUsage for more information
WARNING: Dynamic loading of agents will be disallowed by default in a future release
]]></system-err>
  </testcase>
</testsuite>